{"numTotalTestSuites":7,"numPassedTestSuites":7,"numFailedTestSuites":0,"numPendingTestSuites":0,"numTotalTests":19,"numPassedTests":18,"numFailedTests":1,"numPendingTests":0,"numTodoTests":0,"startTime":1759755958008,"success":false,"testResults":[{"assertionResults":[{"ancestorTitles":["","API Worker AI Integration","Chat Request Processing"],"fullName":" API Worker AI Integration Chat Request Processing should process a valid chat message successfully with Llama model","status":"passed","title":"should process a valid chat message successfully with Llama model","duration":30,"failureMessages":[]},{"ancestorTitles":["","API Worker AI Integration","Chat Request Processing"],"fullName":" API Worker AI Integration Chat Request Processing should fallback to OpenAI when Llama model fails","status":"passed","title":"should fallback to OpenAI when Llama model fails","duration":5,"failureMessages":[]},{"ancestorTitles":["","API Worker AI Integration","Chat Request Processing"],"fullName":" API Worker AI Integration Chat Request Processing should handle both AI models failing gracefully","status":"passed","title":"should handle both AI models failing gracefully","duration":2,"failureMessages":[]},{"ancestorTitles":["","API Worker AI Integration","Chat Request Processing"],"fullName":" API Worker AI Integration Chat Request Processing should generate session ID when not provided","status":"passed","title":"should generate session ID when not provided","duration":1,"failureMessages":[]},{"ancestorTitles":["","API Worker AI Integration","Chat Request Processing"],"fullName":" API Worker AI Integration Chat Request Processing should validate message input","status":"passed","title":"should validate message input","duration":1,"failureMessages":[]},{"ancestorTitles":["","API Worker AI Integration","Chat Request Processing"],"fullName":" API Worker AI Integration Chat Request Processing should handle missing message field","status":"passed","title":"should handle missing message field","duration":0,"failureMessages":[]},{"ancestorTitles":["","API Worker AI Integration","AI Model Integration"],"fullName":" API Worker AI Integration AI Model Integration should call Llama model with correct parameters","status":"passed","title":"should call Llama model with correct parameters","duration":3,"failureMessages":[]},{"ancestorTitles":["","API Worker AI Integration","AI Model Integration"],"fullName":" API Worker AI Integration AI Model Integration should include conversation context in system prompt","status":"passed","title":"should include conversation context in system prompt","duration":1,"failureMessages":[]},{"ancestorTitles":["","API Worker AI Integration","AI Model Integration"],"fullName":" API Worker AI Integration AI Model Integration should handle OpenAI API errors gracefully","status":"passed","title":"should handle OpenAI API errors gracefully","duration":1,"failureMessages":[]},{"ancestorTitles":["","API Worker AI Integration","AI Model Integration"],"fullName":" API Worker AI Integration AI Model Integration should handle missing OpenAI API key","status":"passed","title":"should handle missing OpenAI API key","duration":1,"failureMessages":[]},{"ancestorTitles":["","API Worker AI Integration","Session Management"],"fullName":" API Worker AI Integration Session Management should handle session info requests","status":"passed","title":"should handle session info requests","duration":0,"failureMessages":[]},{"ancestorTitles":["","API Worker AI Integration","Session Management"],"fullName":" API Worker AI Integration Session Management should handle session deletion","status":"passed","title":"should handle session deletion","duration":0,"failureMessages":[]},{"ancestorTitles":["","API Worker AI Integration","Session Management"],"fullName":" API Worker AI Integration Session Management should validate session ID in requests","status":"passed","title":"should validate session ID in requests","duration":1,"failureMessages":[]},{"ancestorTitles":["","API Worker AI Integration","Error Handling"],"fullName":" API Worker AI Integration Error Handling should handle CORS preflight requests","status":"passed","title":"should handle CORS preflight requests","duration":0,"failureMessages":[]},{"ancestorTitles":["","API Worker AI Integration","Error Handling"],"fullName":" API Worker AI Integration Error Handling should return 404 for unknown routes","status":"passed","title":"should return 404 for unknown routes","duration":0,"failureMessages":[]},{"ancestorTitles":["","API Worker AI Integration","Error Handling"],"fullName":" API Worker AI Integration Error Handling should handle health check requests","status":"failed","title":"should handle health check requests","duration":7,"failureMessages":["expected 'unhealthy' to be 'healthy' // Object.is equality","expected 'unhealthy' to be 'healthy' // Object.is equality","expected 'unhealthy' to be 'healthy' // Object.is equality"],"location":{"line":438,"column":30}},{"ancestorTitles":["","API Worker AI Integration","Error Handling"],"fullName":" API Worker AI Integration Error Handling should include request IDs in all responses","status":"passed","title":"should include request IDs in all responses","duration":2,"failureMessages":[]},{"ancestorTitles":["","API Worker AI Integration","Memory Integration"],"fullName":" API Worker AI Integration Memory Integration should add user and assistant messages to memory","status":"passed","title":"should add user and assistant messages to memory","duration":3,"failureMessages":[]},{"ancestorTitles":["","API Worker AI Integration","Memory Integration"],"fullName":" API Worker AI Integration Memory Integration should retrieve conversation context before processing","status":"passed","title":"should retrieve conversation context before processing","duration":0,"failureMessages":[]}],"startTime":1759755958440,"endTime":1759755958499,"status":"failed","message":"","name":"/Users/ummugulsun/cloudflare/tests/api_ai_integration.test.ts"}]}